16:21:56.487 [DEBUG] [org.gradle.launcher.daemon.bootstrap.DaemonMain] Assuming the daemon was started with following jvm opts: [--add-opens, java.base/java.util=ALL-UNNAMED, --add-opens, java.base/java.lang=ALL-UNNAMED, --add-opens, java.base/java.lang.invoke=ALL-UNNAMED, --add-opens, java.prefs/java.util.prefs=ALL-UNNAMED, -XX:MaxMetaspaceSize=256m, -XX:+HeapDumpOnOutOfMemoryError, -Xmx512m, -Dfile.encoding=windows-1252, -Duser.country=GB, -Duser.language=en, -Duser.variant]
16:21:56.621 [INFO] [org.gradle.launcher.daemon.server.health.gc.GarbageCollectionMonitor] Unable to determine a garbage collection monitoring strategy for JVMStrategy{JetBrains s.r.o version 11.0.4}
16:21:56.636 [DEBUG] [org.gradle.internal.nativeintegration.services.NativeServices] Native-platform posix files integration is not available. Continuing with fallback.
16:21:56.694 [INFO] [org.gradle.launcher.daemon.server.Daemon] start() called on daemon - DefaultDaemonContext[uid=96bd2266-7a39-4322-ab25-a189617325aa,javaHome=C:\Users\Nori\AppData\Local\JetBrains\Toolbox\apps\IDEA-U\ch-0\193.5233.102\jbr,daemonRegistryDir=E:\Git\theta\daemon,pid=2168,idleTimeout=10800000,priority=NORMAL,daemonOpts=--add-opens,java.base/java.util=ALL-UNNAMED,--add-opens,java.base/java.lang=ALL-UNNAMED,--add-opens,java.base/java.lang.invoke=ALL-UNNAMED,--add-opens,java.prefs/java.util.prefs=ALL-UNNAMED,-XX:MaxMetaspaceSize=256m,-XX:+HeapDumpOnOutOfMemoryError,-Xmx512m,-Dfile.encoding=windows-1252,-Duser.country=GB,-Duser.language=en,-Duser.variant]
16:21:57.279 [DEBUG] [org.gradle.internal.remote.internal.inet.InetAddresses] Adding IP addresses for network interface Software Loopback Interface 1
16:21:57.282 [DEBUG] [org.gradle.internal.remote.internal.inet.InetAddresses] Is this a loopback interface? true
16:21:57.285 [DEBUG] [org.gradle.internal.remote.internal.inet.InetAddresses] Is this a multicast interface? true
16:21:57.287 [DEBUG] [org.gradle.internal.remote.internal.inet.InetAddresses] Adding loopback address /127.0.0.1
16:21:57.287 [DEBUG] [org.gradle.internal.remote.internal.inet.InetAddresses] Adding loopback address /0:0:0:0:0:0:0:1
16:21:57.287 [DEBUG] [org.gradle.internal.remote.internal.inet.InetAddresses] Adding loopback multicast interface Software Loopback Interface 1
16:21:57.288 [DEBUG] [org.gradle.internal.remote.internal.inet.InetAddresses] Adding IP addresses for network interface Microsoft 6to4 Adapter
16:21:57.290 [DEBUG] [org.gradle.internal.remote.internal.inet.InetAddresses] Is this a loopback interface? false
16:21:57.293 [DEBUG] [org.gradle.internal.remote.internal.inet.InetAddresses] Is this a multicast interface? true
16:21:57.294 [DEBUG] [org.gradle.internal.remote.internal.inet.InetAddresses] Adding loopback multicast interface Microsoft 6to4 Adapter
16:21:57.294 [DEBUG] [org.gradle.internal.remote.internal.inet.InetAddresses] Adding IP addresses for network interface ASIX AX88772B USB2.0 to Fast Ethernet Adapter
16:21:57.297 [DEBUG] [org.gradle.internal.remote.internal.inet.InetAddresses] Is this a loopback interface? false
16:21:57.299 [DEBUG] [org.gradle.internal.remote.internal.inet.InetAddresses] Is this a multicast interface? true
16:21:57.300 [DEBUG] [org.gradle.internal.remote.internal.inet.InetAddresses] Adding loopback multicast interface ASIX AX88772B USB2.0 to Fast Ethernet Adapter
16:21:57.300 [DEBUG] [org.gradle.internal.remote.internal.inet.InetAddresses] Adding IP addresses for network interface Intel(R) Dual Band Wireless-AC 7265
16:21:57.302 [DEBUG] [org.gradle.internal.remote.internal.inet.InetAddresses] Is this a loopback interface? false
16:21:57.305 [DEBUG] [org.gradle.internal.remote.internal.inet.InetAddresses] Is this a multicast interface? true
16:21:57.305 [DEBUG] [org.gradle.internal.remote.internal.inet.InetAddresses] Adding remote address /fe80:0:0:0:8583:cfb4:2397:31c2%wlan0
16:21:57.306 [DEBUG] [org.gradle.internal.remote.internal.inet.InetAddresses] Adding remote multicast interface Intel(R) Dual Band Wireless-AC 7265
16:21:57.306 [DEBUG] [org.gradle.internal.remote.internal.inet.InetAddresses] Adding IP addresses for network interface WAN Miniport (SSTP)
16:21:57.309 [DEBUG] [org.gradle.internal.remote.internal.inet.InetAddresses] Is this a loopback interface? false
16:21:57.312 [DEBUG] [org.gradle.internal.remote.internal.inet.InetAddresses] Is this a multicast interface? true
16:21:57.313 [DEBUG] [org.gradle.internal.remote.internal.inet.InetAddresses] Adding loopback multicast interface WAN Miniport (SSTP)
16:21:57.313 [DEBUG] [org.gradle.internal.remote.internal.inet.InetAddresses] Adding IP addresses for network interface Bluetooth Device (Personal Area Network)
16:21:57.316 [DEBUG] [org.gradle.internal.remote.internal.inet.InetAddresses] Is this a loopback interface? false
16:21:57.318 [DEBUG] [org.gradle.internal.remote.internal.inet.InetAddresses] Is this a multicast interface? true
16:21:57.318 [DEBUG] [org.gradle.internal.remote.internal.inet.InetAddresses] Adding remote address /fe80:0:0:0:fd4d:611f:9954:81b7%eth1
16:21:57.318 [DEBUG] [org.gradle.internal.remote.internal.inet.InetAddresses] Adding remote multicast interface Bluetooth Device (Personal Area Network)
16:21:57.319 [DEBUG] [org.gradle.internal.remote.internal.inet.InetAddresses] Adding IP addresses for network interface Microsoft IP-HTTPS Platform Adapter
16:21:57.321 [DEBUG] [org.gradle.internal.remote.internal.inet.InetAddresses] Is this a loopback interface? false
16:21:57.324 [DEBUG] [org.gradle.internal.remote.internal.inet.InetAddresses] Is this a multicast interface? true
16:21:57.324 [DEBUG] [org.gradle.internal.remote.internal.inet.InetAddresses] Adding loopback multicast interface Microsoft IP-HTTPS Platform Adapter
16:21:57.324 [DEBUG] [org.gradle.internal.remote.internal.inet.InetAddresses] Adding IP addresses for network interface WAN Miniport (IPv6)
16:21:57.327 [DEBUG] [org.gradle.internal.remote.internal.inet.InetAddresses] Is this a loopback interface? false
16:21:57.330 [DEBUG] [org.gradle.internal.remote.internal.inet.InetAddresses] Is this a multicast interface? true
16:21:57.330 [DEBUG] [org.gradle.internal.remote.internal.inet.InetAddresses] Adding loopback multicast interface WAN Miniport (IPv6)
16:21:57.331 [DEBUG] [org.gradle.internal.remote.internal.inet.InetAddresses] Adding IP addresses for network interface WAN Miniport (L2TP)
16:21:57.333 [DEBUG] [org.gradle.internal.remote.internal.inet.InetAddresses] Is this a loopback interface? false
16:21:57.336 [DEBUG] [org.gradle.internal.remote.internal.inet.InetAddresses] Is this a multicast interface? true
16:21:57.336 [DEBUG] [org.gradle.internal.remote.internal.inet.InetAddresses] Adding loopback multicast interface WAN Miniport (L2TP)
16:21:57.336 [DEBUG] [org.gradle.internal.remote.internal.inet.InetAddresses] Adding IP addresses for network interface WAN Miniport (PPPOE)
16:21:57.338 [DEBUG] [org.gradle.internal.remote.internal.inet.InetAddresses] Is this a loopback interface? false
16:21:57.341 [DEBUG] [org.gradle.internal.remote.internal.inet.InetAddresses] Is this a multicast interface? true
16:21:57.341 [DEBUG] [org.gradle.internal.remote.internal.inet.InetAddresses] Adding loopback multicast interface WAN Miniport (PPPOE)
16:21:57.341 [DEBUG] [org.gradle.internal.remote.internal.inet.InetAddresses] Adding IP addresses for network interface WAN Miniport (IKEv2)
16:21:57.344 [DEBUG] [org.gradle.internal.remote.internal.inet.InetAddresses] Is this a loopback interface? false
16:21:57.347 [DEBUG] [org.gradle.internal.remote.internal.inet.InetAddresses] Is this a multicast interface? true
16:21:57.347 [DEBUG] [org.gradle.internal.remote.internal.inet.InetAddresses] Adding loopback multicast interface WAN Miniport (IKEv2)
16:21:57.347 [DEBUG] [org.gradle.internal.remote.internal.inet.InetAddresses] Adding IP addresses for network interface Microsoft Wi-Fi Direct Virtual Adapter #2
16:21:57.350 [DEBUG] [org.gradle.internal.remote.internal.inet.InetAddresses] Is this a loopback interface? false
16:21:57.353 [DEBUG] [org.gradle.internal.remote.internal.inet.InetAddresses] Is this a multicast interface? true
16:21:57.353 [DEBUG] [org.gradle.internal.remote.internal.inet.InetAddresses] Adding remote address /192.168.137.1
16:21:57.353 [DEBUG] [org.gradle.internal.remote.internal.inet.InetAddresses] Adding remote address /fe80:0:0:0:d4d2:837:3bc3:493f%wlan1
16:21:57.353 [DEBUG] [org.gradle.internal.remote.internal.inet.InetAddresses] Adding remote address /2001:7c7:2051:8801:0:0:0:0
16:21:57.353 [DEBUG] [org.gradle.internal.remote.internal.inet.InetAddresses] Adding remote multicast interface Microsoft Wi-Fi Direct Virtual Adapter #2
16:21:57.353 [DEBUG] [org.gradle.internal.remote.internal.inet.InetAddresses] Adding IP addresses for network interface WAN Miniport (PPTP)
16:21:57.356 [DEBUG] [org.gradle.internal.remote.internal.inet.InetAddresses] Is this a loopback interface? false
16:21:57.359 [DEBUG] [org.gradle.internal.remote.internal.inet.InetAddresses] Is this a multicast interface? true
16:21:57.360 [DEBUG] [org.gradle.internal.remote.internal.inet.InetAddresses] Adding loopback multicast interface WAN Miniport (PPTP)
16:21:57.360 [DEBUG] [org.gradle.internal.remote.internal.inet.InetAddresses] Adding IP addresses for network interface Microsoft Kernel Debug Network Adapter
16:21:57.362 [DEBUG] [org.gradle.internal.remote.internal.inet.InetAddresses] Is this a loopback interface? false
16:21:57.365 [DEBUG] [org.gradle.internal.remote.internal.inet.InetAddresses] Is this a multicast interface? true
16:21:57.365 [DEBUG] [org.gradle.internal.remote.internal.inet.InetAddresses] Adding loopback multicast interface Microsoft Kernel Debug Network Adapter
16:21:57.365 [DEBUG] [org.gradle.internal.remote.internal.inet.InetAddresses] Adding IP addresses for network interface Microsoft Teredo Tunneling Adapter
16:21:57.368 [DEBUG] [org.gradle.internal.remote.internal.inet.InetAddresses] Is this a loopback interface? false
16:21:57.370 [DEBUG] [org.gradle.internal.remote.internal.inet.InetAddresses] Is this a multicast interface? true
16:21:57.370 [DEBUG] [org.gradle.internal.remote.internal.inet.InetAddresses] Adding loopback multicast interface Microsoft Teredo Tunneling Adapter
16:21:57.370 [DEBUG] [org.gradle.internal.remote.internal.inet.InetAddresses] Adding IP addresses for network interface WAN Miniport (Network Monitor)
16:21:57.373 [DEBUG] [org.gradle.internal.remote.internal.inet.InetAddresses] Is this a loopback interface? false
16:21:57.376 [DEBUG] [org.gradle.internal.remote.internal.inet.InetAddresses] Is this a multicast interface? true
16:21:57.376 [DEBUG] [org.gradle.internal.remote.internal.inet.InetAddresses] Adding loopback multicast interface WAN Miniport (Network Monitor)
16:21:57.376 [DEBUG] [org.gradle.internal.remote.internal.inet.InetAddresses] Adding IP addresses for network interface Realtek USB GbE Family Controller
16:21:57.379 [DEBUG] [org.gradle.internal.remote.internal.inet.InetAddresses] Is this a loopback interface? false
16:21:57.382 [DEBUG] [org.gradle.internal.remote.internal.inet.InetAddresses] Is this a multicast interface? true
16:21:57.382 [DEBUG] [org.gradle.internal.remote.internal.inet.InetAddresses] Adding remote address /100.84.98.7
16:21:57.382 [DEBUG] [org.gradle.internal.remote.internal.inet.InetAddresses] Adding remote address /2001:7c7:2051:186:d17d:74c0:a08b:f3c6
16:21:57.382 [DEBUG] [org.gradle.internal.remote.internal.inet.InetAddresses] Adding remote address /2001:7c7:2051:186:206e:985e:d4:12bf
16:21:57.383 [DEBUG] [org.gradle.internal.remote.internal.inet.InetAddresses] Adding remote address /fe80:0:0:0:d17d:74c0:a08b:f3c6%eth5
16:21:57.383 [DEBUG] [org.gradle.internal.remote.internal.inet.InetAddresses] Adding remote multicast interface Realtek USB GbE Family Controller
16:21:57.383 [DEBUG] [org.gradle.internal.remote.internal.inet.InetAddresses] Adding IP addresses for network interface Microsoft Wi-Fi Direct Virtual Adapter
16:21:57.385 [DEBUG] [org.gradle.internal.remote.internal.inet.InetAddresses] Is this a loopback interface? false
16:21:57.388 [DEBUG] [org.gradle.internal.remote.internal.inet.InetAddresses] Is this a multicast interface? true
16:21:57.388 [DEBUG] [org.gradle.internal.remote.internal.inet.InetAddresses] Adding remote address /fe80:0:0:0:e152:4510:2d97:83f9%wlan2
16:21:57.388 [DEBUG] [org.gradle.internal.remote.internal.inet.InetAddresses] Adding remote multicast interface Microsoft Wi-Fi Direct Virtual Adapter
16:21:57.388 [DEBUG] [org.gradle.internal.remote.internal.inet.InetAddresses] Adding IP addresses for network interface WAN Miniport (IP)
16:21:57.391 [DEBUG] [org.gradle.internal.remote.internal.inet.InetAddresses] Is this a loopback interface? false
16:21:57.393 [DEBUG] [org.gradle.internal.remote.internal.inet.InetAddresses] Is this a multicast interface? true
16:21:57.393 [DEBUG] [org.gradle.internal.remote.internal.inet.InetAddresses] Adding loopback multicast interface WAN Miniport (IP)
16:21:57.393 [DEBUG] [org.gradle.internal.remote.internal.inet.InetAddresses] Adding IP addresses for network interface VirtualBox Host-Only Ethernet Adapter
16:21:57.396 [DEBUG] [org.gradle.internal.remote.internal.inet.InetAddresses] Is this a loopback interface? false
16:21:57.398 [DEBUG] [org.gradle.internal.remote.internal.inet.InetAddresses] Is this a multicast interface? true
16:21:57.398 [DEBUG] [org.gradle.internal.remote.internal.inet.InetAddresses] Adding remote address /192.168.56.1
16:21:57.398 [DEBUG] [org.gradle.internal.remote.internal.inet.InetAddresses] Adding remote address /fe80:0:0:0:4c7c:26a6:36d3:74bf%eth7
16:21:57.398 [DEBUG] [org.gradle.internal.remote.internal.inet.InetAddresses] Adding remote multicast interface VirtualBox Host-Only Ethernet Adapter
16:21:57.399 [DEBUG] [org.gradle.internal.remote.internal.inet.InetAddresses] Adding IP addresses for network interface VirtualBox Host-Only Ethernet Adapter-WFP Native MAC Layer LightWeight Filter-0000
16:21:57.415 [DEBUG] [org.gradle.internal.remote.internal.inet.InetAddresses] Is this a loopback interface? false
16:21:57.422 [DEBUG] [org.gradle.internal.remote.internal.inet.InetAddresses] Is this a multicast interface? true
16:21:57.423 [DEBUG] [org.gradle.internal.remote.internal.inet.InetAddresses] Adding loopback multicast interface VirtualBox Host-Only Ethernet Adapter-WFP Native MAC Layer LightWeight Filter-0000
16:21:57.424 [DEBUG] [org.gradle.internal.remote.internal.inet.InetAddresses] Adding IP addresses for network interface VirtualBox Host-Only Ethernet Adapter-QoS Packet Scheduler-0000
16:21:57.427 [DEBUG] [org.gradle.internal.remote.internal.inet.InetAddresses] Is this a loopback interface? false
16:21:57.430 [DEBUG] [org.gradle.internal.remote.internal.inet.InetAddresses] Is this a multicast interface? true
16:21:57.430 [DEBUG] [org.gradle.internal.remote.internal.inet.InetAddresses] Adding loopback multicast interface VirtualBox Host-Only Ethernet Adapter-QoS Packet Scheduler-0000
16:21:57.430 [DEBUG] [org.gradle.internal.remote.internal.inet.InetAddresses] Adding IP addresses for network interface VirtualBox Host-Only Ethernet Adapter-WFP 802.3 MAC Layer LightWeight Filter-0000
16:21:57.433 [DEBUG] [org.gradle.internal.remote.internal.inet.InetAddresses] Is this a loopback interface? false
16:21:57.435 [DEBUG] [org.gradle.internal.remote.internal.inet.InetAddresses] Is this a multicast interface? true
16:21:57.435 [DEBUG] [org.gradle.internal.remote.internal.inet.InetAddresses] Adding loopback multicast interface VirtualBox Host-Only Ethernet Adapter-WFP 802.3 MAC Layer LightWeight Filter-0000
16:21:57.435 [DEBUG] [org.gradle.internal.remote.internal.inet.InetAddresses] Adding IP addresses for network interface Intel(R) Dual Band Wireless-AC 7265-WFP Native MAC Layer LightWeight Filter-0000
16:21:57.438 [DEBUG] [org.gradle.internal.remote.internal.inet.InetAddresses] Is this a loopback interface? false
16:21:57.441 [DEBUG] [org.gradle.internal.remote.internal.inet.InetAddresses] Is this a multicast interface? true
16:21:57.441 [DEBUG] [org.gradle.internal.remote.internal.inet.InetAddresses] Adding loopback multicast interface Intel(R) Dual Band Wireless-AC 7265-WFP Native MAC Layer LightWeight Filter-0000
16:21:57.441 [DEBUG] [org.gradle.internal.remote.internal.inet.InetAddresses] Adding IP addresses for network interface Intel(R) Dual Band Wireless-AC 7265-Virtual WiFi Filter Driver-0000
16:21:57.444 [DEBUG] [org.gradle.internal.remote.internal.inet.InetAddresses] Is this a loopback interface? false
16:21:57.447 [DEBUG] [org.gradle.internal.remote.internal.inet.InetAddresses] Is this a multicast interface? true
16:21:57.447 [DEBUG] [org.gradle.internal.remote.internal.inet.InetAddresses] Adding loopback multicast interface Intel(R) Dual Band Wireless-AC 7265-Virtual WiFi Filter Driver-0000
16:21:57.447 [DEBUG] [org.gradle.internal.remote.internal.inet.InetAddresses] Adding IP addresses for network interface Intel(R) Dual Band Wireless-AC 7265-Native WiFi Filter Driver-0000
16:21:57.449 [DEBUG] [org.gradle.internal.remote.internal.inet.InetAddresses] Is this a loopback interface? false
16:21:57.452 [DEBUG] [org.gradle.internal.remote.internal.inet.InetAddresses] Is this a multicast interface? true
16:21:57.452 [DEBUG] [org.gradle.internal.remote.internal.inet.InetAddresses] Adding loopback multicast interface Intel(R) Dual Band Wireless-AC 7265-Native WiFi Filter Driver-0000
16:21:57.452 [DEBUG] [org.gradle.internal.remote.internal.inet.InetAddresses] Adding IP addresses for network interface Intel(R) Dual Band Wireless-AC 7265-VirtualBox NDIS Light-Weight Filter-0000
16:21:57.455 [DEBUG] [org.gradle.internal.remote.internal.inet.InetAddresses] Is this a loopback interface? false
16:21:57.457 [DEBUG] [org.gradle.internal.remote.internal.inet.InetAddresses] Is this a multicast interface? true
16:21:57.457 [DEBUG] [org.gradle.internal.remote.internal.inet.InetAddresses] Adding loopback multicast interface Intel(R) Dual Band Wireless-AC 7265-VirtualBox NDIS Light-Weight Filter-0000
16:21:57.458 [DEBUG] [org.gradle.internal.remote.internal.inet.InetAddresses] Adding IP addresses for network interface Intel(R) Dual Band Wireless-AC 7265-QoS Packet Scheduler-0000
16:21:57.460 [DEBUG] [org.gradle.internal.remote.internal.inet.InetAddresses] Is this a loopback interface? false
16:21:57.463 [DEBUG] [org.gradle.internal.remote.internal.inet.InetAddresses] Is this a multicast interface? true
16:21:57.463 [DEBUG] [org.gradle.internal.remote.internal.inet.InetAddresses] Adding loopback multicast interface Intel(R) Dual Band Wireless-AC 7265-QoS Packet Scheduler-0000
16:21:57.463 [DEBUG] [org.gradle.internal.remote.internal.inet.InetAddresses] Adding IP addresses for network interface Intel(R) Dual Band Wireless-AC 7265-WFP 802.3 MAC Layer LightWeight Filter-0000
16:21:57.469 [DEBUG] [org.gradle.internal.remote.internal.inet.InetAddresses] Is this a loopback interface? false
16:21:57.488 [DEBUG] [org.gradle.internal.remote.internal.inet.InetAddresses] Is this a multicast interface? true
16:21:57.488 [DEBUG] [org.gradle.internal.remote.internal.inet.InetAddresses] Adding loopback multicast interface Intel(R) Dual Band Wireless-AC 7265-WFP 802.3 MAC Layer LightWeight Filter-0000
16:21:57.488 [DEBUG] [org.gradle.internal.remote.internal.inet.InetAddresses] Adding IP addresses for network interface WAN Miniport (IP)-WFP Native MAC Layer LightWeight Filter-0000
16:21:57.556 [DEBUG] [org.gradle.internal.remote.internal.inet.InetAddresses] Is this a loopback interface? false
16:21:57.560 [DEBUG] [org.gradle.internal.remote.internal.inet.InetAddresses] Is this a multicast interface? true
16:21:57.560 [DEBUG] [org.gradle.internal.remote.internal.inet.InetAddresses] Adding loopback multicast interface WAN Miniport (IP)-WFP Native MAC Layer LightWeight Filter-0000
16:21:57.560 [DEBUG] [org.gradle.internal.remote.internal.inet.InetAddresses] Adding IP addresses for network interface WAN Miniport (IP)-QoS Packet Scheduler-0000
16:21:57.570 [DEBUG] [org.gradle.internal.remote.internal.inet.InetAddresses] Is this a loopback interface? false
16:21:57.574 [DEBUG] [org.gradle.internal.remote.internal.inet.InetAddresses] Is this a multicast interface? true
16:21:57.592 [DEBUG] [org.gradle.internal.remote.internal.inet.InetAddresses] Adding loopback multicast interface WAN Miniport (IP)-QoS Packet Scheduler-0000
16:21:57.593 [DEBUG] [org.gradle.internal.remote.internal.inet.InetAddresses] Adding IP addresses for network interface WAN Miniport (IPv6)-WFP Native MAC Layer LightWeight Filter-0000
16:21:57.629 [DEBUG] [org.gradle.internal.remote.internal.inet.InetAddresses] Is this a loopback interface? false
16:21:57.633 [DEBUG] [org.gradle.internal.remote.internal.inet.InetAddresses] Is this a multicast interface? true
16:21:57.633 [DEBUG] [org.gradle.internal.remote.internal.inet.InetAddresses] Adding loopback multicast interface WAN Miniport (IPv6)-WFP Native MAC Layer LightWeight Filter-0000
16:21:57.633 [DEBUG] [org.gradle.internal.remote.internal.inet.InetAddresses] Adding IP addresses for network interface WAN Miniport (IPv6)-QoS Packet Scheduler-0000
16:21:57.637 [DEBUG] [org.gradle.internal.remote.internal.inet.InetAddresses] Is this a loopback interface? false
16:21:57.641 [DEBUG] [org.gradle.internal.remote.internal.inet.InetAddresses] Is this a multicast interface? true
16:21:57.642 [DEBUG] [org.gradle.internal.remote.internal.inet.InetAddresses] Adding loopback multicast interface WAN Miniport (IPv6)-QoS Packet Scheduler-0000
16:21:57.642 [DEBUG] [org.gradle.internal.remote.internal.inet.InetAddresses] Adding IP addresses for network interface WAN Miniport (Network Monitor)-WFP Native MAC Layer LightWeight Filter-0000
16:21:57.647 [DEBUG] [org.gradle.internal.remote.internal.inet.InetAddresses] Is this a loopback interface? false
16:21:57.651 [DEBUG] [org.gradle.internal.remote.internal.inet.InetAddresses] Is this a multicast interface? true
16:21:57.651 [DEBUG] [org.gradle.internal.remote.internal.inet.InetAddresses] Adding loopback multicast interface WAN Miniport (Network Monitor)-WFP Native MAC Layer LightWeight Filter-0000
16:21:57.651 [DEBUG] [org.gradle.internal.remote.internal.inet.InetAddresses] Adding IP addresses for network interface WAN Miniport (Network Monitor)-QoS Packet Scheduler-0000
16:21:57.655 [DEBUG] [org.gradle.internal.remote.internal.inet.InetAddresses] Is this a loopback interface? false
16:21:57.661 [DEBUG] [org.gradle.internal.remote.internal.inet.InetAddresses] Is this a multicast interface? true
16:21:57.661 [DEBUG] [org.gradle.internal.remote.internal.inet.InetAddresses] Adding loopback multicast interface WAN Miniport (Network Monitor)-QoS Packet Scheduler-0000
16:21:57.661 [DEBUG] [org.gradle.internal.remote.internal.inet.InetAddresses] Adding IP addresses for network interface Microsoft Wi-Fi Direct Virtual Adapter-WFP Native MAC Layer LightWeight Filter-0000
16:21:57.665 [DEBUG] [org.gradle.internal.remote.internal.inet.InetAddresses] Is this a loopback interface? false
16:21:57.670 [DEBUG] [org.gradle.internal.remote.internal.inet.InetAddresses] Is this a multicast interface? true
16:21:57.670 [DEBUG] [org.gradle.internal.remote.internal.inet.InetAddresses] Adding loopback multicast interface Microsoft Wi-Fi Direct Virtual Adapter-WFP Native MAC Layer LightWeight Filter-0000
16:21:57.670 [DEBUG] [org.gradle.internal.remote.internal.inet.InetAddresses] Adding IP addresses for network interface Microsoft Wi-Fi Direct Virtual Adapter-Native WiFi Filter Driver-0000
16:21:57.673 [DEBUG] [org.gradle.internal.remote.internal.inet.InetAddresses] Is this a loopback interface? false
16:21:57.677 [DEBUG] [org.gradle.internal.remote.internal.inet.InetAddresses] Is this a multicast interface? true
16:21:57.677 [DEBUG] [org.gradle.internal.remote.internal.inet.InetAddresses] Adding loopback multicast interface Microsoft Wi-Fi Direct Virtual Adapter-Native WiFi Filter Driver-0000
16:21:57.678 [DEBUG] [org.gradle.internal.remote.internal.inet.InetAddresses] Adding IP addresses for network interface Microsoft Wi-Fi Direct Virtual Adapter-VirtualBox NDIS Light-Weight Filter-0000
16:21:57.681 [DEBUG] [org.gradle.internal.remote.internal.inet.InetAddresses] Is this a loopback interface? false
16:21:57.685 [DEBUG] [org.gradle.internal.remote.internal.inet.InetAddresses] Is this a multicast interface? true
16:21:57.685 [DEBUG] [org.gradle.internal.remote.internal.inet.InetAddresses] Adding loopback multicast interface Microsoft Wi-Fi Direct Virtual Adapter-VirtualBox NDIS Light-Weight Filter-0000
16:21:57.686 [DEBUG] [org.gradle.internal.remote.internal.inet.InetAddresses] Adding IP addresses for network interface Microsoft Wi-Fi Direct Virtual Adapter-QoS Packet Scheduler-0000
16:21:57.689 [DEBUG] [org.gradle.internal.remote.internal.inet.InetAddresses] Is this a loopback interface? false
16:21:57.692 [DEBUG] [org.gradle.internal.remote.internal.inet.InetAddresses] Is this a multicast interface? true
16:21:57.692 [DEBUG] [org.gradle.internal.remote.internal.inet.InetAddresses] Adding loopback multicast interface Microsoft Wi-Fi Direct Virtual Adapter-QoS Packet Scheduler-0000
16:21:57.692 [DEBUG] [org.gradle.internal.remote.internal.inet.InetAddresses] Adding IP addresses for network interface Microsoft Wi-Fi Direct Virtual Adapter-WFP 802.3 MAC Layer LightWeight Filter-0000
16:21:57.696 [DEBUG] [org.gradle.internal.remote.internal.inet.InetAddresses] Is this a loopback interface? false
16:21:57.700 [DEBUG] [org.gradle.internal.remote.internal.inet.InetAddresses] Is this a multicast interface? true
16:21:57.701 [DEBUG] [org.gradle.internal.remote.internal.inet.InetAddresses] Adding loopback multicast interface Microsoft Wi-Fi Direct Virtual Adapter-WFP 802.3 MAC Layer LightWeight Filter-0000
16:21:57.701 [DEBUG] [org.gradle.internal.remote.internal.inet.InetAddresses] Adding IP addresses for network interface Microsoft Wi-Fi Direct Virtual Adapter #2-WFP Native MAC Layer LightWeight Filter-0000
16:21:57.705 [DEBUG] [org.gradle.internal.remote.internal.inet.InetAddresses] Is this a loopback interface? false
16:21:57.709 [DEBUG] [org.gradle.internal.remote.internal.inet.InetAddresses] Is this a multicast interface? true
16:21:57.709 [DEBUG] [org.gradle.internal.remote.internal.inet.InetAddresses] Adding loopback multicast interface Microsoft Wi-Fi Direct Virtual Adapter #2-WFP Native MAC Layer LightWeight Filter-0000
16:21:57.709 [DEBUG] [org.gradle.internal.remote.internal.inet.InetAddresses] Adding IP addresses for network interface Microsoft Wi-Fi Direct Virtual Adapter #2-Native WiFi Filter Driver-0000
16:21:57.713 [DEBUG] [org.gradle.internal.remote.internal.inet.InetAddresses] Is this a loopback interface? false
16:21:57.718 [DEBUG] [org.gradle.internal.remote.internal.inet.InetAddresses] Is this a multicast interface? true
16:21:57.718 [DEBUG] [org.gradle.internal.remote.internal.inet.InetAddresses] Adding loopback multicast interface Microsoft Wi-Fi Direct Virtual Adapter #2-Native WiFi Filter Driver-0000
16:21:57.718 [DEBUG] [org.gradle.internal.remote.internal.inet.InetAddresses] Adding IP addresses for network interface Microsoft Wi-Fi Direct Virtual Adapter #2-VirtualBox NDIS Light-Weight Filter-0000
16:21:57.721 [DEBUG] [org.gradle.internal.remote.internal.inet.InetAddresses] Is this a loopback interface? false
16:21:57.724 [DEBUG] [org.gradle.internal.remote.internal.inet.InetAddresses] Is this a multicast interface? true
16:21:57.724 [DEBUG] [org.gradle.internal.remote.internal.inet.InetAddresses] Adding loopback multicast interface Microsoft Wi-Fi Direct Virtual Adapter #2-VirtualBox NDIS Light-Weight Filter-0000
16:21:57.724 [DEBUG] [org.gradle.internal.remote.internal.inet.InetAddresses] Adding IP addresses for network interface Microsoft Wi-Fi Direct Virtual Adapter #2-QoS Packet Scheduler-0000
16:21:57.728 [DEBUG] [org.gradle.internal.remote.internal.inet.InetAddresses] Is this a loopback interface? false
16:21:57.731 [DEBUG] [org.gradle.internal.remote.internal.inet.InetAddresses] Is this a multicast interface? true
16:21:57.731 [DEBUG] [org.gradle.internal.remote.internal.inet.InetAddresses] Adding loopback multicast interface Microsoft Wi-Fi Direct Virtual Adapter #2-QoS Packet Scheduler-0000
16:21:57.731 [DEBUG] [org.gradle.internal.remote.internal.inet.InetAddresses] Adding IP addresses for network interface Microsoft Wi-Fi Direct Virtual Adapter #2-WFP 802.3 MAC Layer LightWeight Filter-0000
16:21:57.734 [DEBUG] [org.gradle.internal.remote.internal.inet.InetAddresses] Is this a loopback interface? false
16:21:57.737 [DEBUG] [org.gradle.internal.remote.internal.inet.InetAddresses] Is this a multicast interface? true
16:21:57.737 [DEBUG] [org.gradle.internal.remote.internal.inet.InetAddresses] Adding loopback multicast interface Microsoft Wi-Fi Direct Virtual Adapter #2-WFP 802.3 MAC Layer LightWeight Filter-0000
16:21:57.737 [DEBUG] [org.gradle.internal.remote.internal.inet.InetAddresses] Adding IP addresses for network interface Realtek USB GbE Family Controller-WFP Native MAC Layer LightWeight Filter-0000
16:21:57.740 [DEBUG] [org.gradle.internal.remote.internal.inet.InetAddresses] Is this a loopback interface? false
16:21:57.743 [DEBUG] [org.gradle.internal.remote.internal.inet.InetAddresses] Is this a multicast interface? true
16:21:57.743 [DEBUG] [org.gradle.internal.remote.internal.inet.InetAddresses] Adding loopback multicast interface Realtek USB GbE Family Controller-WFP Native MAC Layer LightWeight Filter-0000
16:21:57.743 [DEBUG] [org.gradle.internal.remote.internal.inet.InetAddresses] Adding IP addresses for network interface Realtek USB GbE Family Controller-VirtualBox NDIS Light-Weight Filter-0000
16:21:57.746 [DEBUG] [org.gradle.internal.remote.internal.inet.InetAddresses] Is this a loopback interface? false
16:21:57.749 [DEBUG] [org.gradle.internal.remote.internal.inet.InetAddresses] Is this a multicast interface? true
16:21:57.749 [DEBUG] [org.gradle.internal.remote.internal.inet.InetAddresses] Adding loopback multicast interface Realtek USB GbE Family Controller-VirtualBox NDIS Light-Weight Filter-0000
16:21:57.749 [DEBUG] [org.gradle.internal.remote.internal.inet.InetAddresses] Adding IP addresses for network interface Realtek USB GbE Family Controller-QoS Packet Scheduler-0000
16:21:57.752 [DEBUG] [org.gradle.internal.remote.internal.inet.InetAddresses] Is this a loopback interface? false
16:21:57.755 [DEBUG] [org.gradle.internal.remote.internal.inet.InetAddresses] Is this a multicast interface? true
16:21:57.755 [DEBUG] [org.gradle.internal.remote.internal.inet.InetAddresses] Adding loopback multicast interface Realtek USB GbE Family Controller-QoS Packet Scheduler-0000
16:21:57.756 [DEBUG] [org.gradle.internal.remote.internal.inet.InetAddresses] Adding IP addresses for network interface Realtek USB GbE Family Controller-WFP 802.3 MAC Layer LightWeight Filter-0000
16:21:57.759 [DEBUG] [org.gradle.internal.remote.internal.inet.InetAddresses] Is this a loopback interface? false
16:21:57.762 [DEBUG] [org.gradle.internal.remote.internal.inet.InetAddresses] Is this a multicast interface? true
16:21:57.762 [DEBUG] [org.gradle.internal.remote.internal.inet.InetAddresses] Adding loopback multicast interface Realtek USB GbE Family Controller-WFP 802.3 MAC Layer LightWeight Filter-0000
16:21:57.764 [DEBUG] [org.gradle.internal.remote.internal.inet.TcpIncomingConnector] Listening on [96e6f0c1-bba5-4218-b3c1-67fe9a2a0701 port:52912, addresses:[/127.0.0.1, /0:0:0:0:0:0:0:1]].
16:21:57.775 [DEBUG] [org.gradle.launcher.daemon.server.Daemon] Daemon starting at: Sun Dec 22 16:21:57 CET 2019, with address: [96e6f0c1-bba5-4218-b3c1-67fe9a2a0701 port:52912, addresses:[/127.0.0.1, /0:0:0:0:0:0:0:1]]
16:21:57.776 [INFO] [org.gradle.launcher.daemon.server.DaemonRegistryUpdater] Advertising the daemon address to the clients: [96e6f0c1-bba5-4218-b3c1-67fe9a2a0701 port:52912, addresses:[/127.0.0.1, /0:0:0:0:0:0:0:1]]
16:21:57.776 [DEBUG] [org.gradle.launcher.daemon.server.DaemonRegistryUpdater] Advertised daemon context: DefaultDaemonContext[uid=96bd2266-7a39-4322-ab25-a189617325aa,javaHome=C:\Users\Nori\AppData\Local\JetBrains\Toolbox\apps\IDEA-U\ch-0\193.5233.102\jbr,daemonRegistryDir=E:\Git\theta\daemon,pid=2168,idleTimeout=10800000,priority=NORMAL,daemonOpts=--add-opens,java.base/java.util=ALL-UNNAMED,--add-opens,java.base/java.lang=ALL-UNNAMED,--add-opens,java.base/java.lang.invoke=ALL-UNNAMED,--add-opens,java.prefs/java.util.prefs=ALL-UNNAMED,-XX:MaxMetaspaceSize=256m,-XX:+HeapDumpOnOutOfMemoryError,-Xmx512m,-Dfile.encoding=windows-1252,-Duser.country=GB,-Duser.language=en,-Duser.variant]
16:21:57.777 [DEBUG] [org.gradle.launcher.daemon.registry.PersistentDaemonRegistry] Storing daemon address: [96e6f0c1-bba5-4218-b3c1-67fe9a2a0701 port:52912, addresses:[/127.0.0.1, /0:0:0:0:0:0:0:1]], context: DefaultDaemonContext[uid=96bd2266-7a39-4322-ab25-a189617325aa,javaHome=C:\Users\Nori\AppData\Local\JetBrains\Toolbox\apps\IDEA-U\ch-0\193.5233.102\jbr,daemonRegistryDir=E:\Git\theta\daemon,pid=2168,idleTimeout=10800000,priority=NORMAL,daemonOpts=--add-opens,java.base/java.util=ALL-UNNAMED,--add-opens,java.base/java.lang=ALL-UNNAMED,--add-opens,java.base/java.lang.invoke=ALL-UNNAMED,--add-opens,java.prefs/java.util.prefs=ALL-UNNAMED,-XX:MaxMetaspaceSize=256m,-XX:+HeapDumpOnOutOfMemoryError,-Xmx512m,-Dfile.encoding=windows-1252,-Duser.country=GB,-Duser.language=en,-Duser.variant]
16:21:57.785 [DEBUG] [org.gradle.cache.internal.DefaultFileLockManager] Waiting to acquire exclusive lock on daemon addresses registry.
16:21:57.787 [DEBUG] [org.gradle.cache.internal.DefaultFileLockManager] Lock acquired on daemon addresses registry.
16:21:57.793 [DEBUG] [org.gradle.cache.internal.DefaultFileLockManager] Releasing lock on daemon addresses registry.
16:21:57.794 [LIFECYCLE] [org.gradle.launcher.daemon.server.Daemon] Daemon server started.
16:21:57.795 [DEBUG] [org.gradle.launcher.daemon.bootstrap.DaemonStartupCommunication] Completed writing the daemon greeting. Closing streams...
16:21:57.799 [DEBUG] [org.gradle.internal.remote.internal.inet.TcpIncomingConnector] Accepted connection from /127.0.0.1:52913 to /127.0.0.1:52912.
16:21:57.805 [DEBUG] [org.gradle.launcher.daemon.server.Daemon] stopOnExpiration() called on daemon
16:21:57.807 [DEBUG] [org.gradle.launcher.daemon.server.Daemon] awaitExpiration() called on daemon
16:21:57.810 [DEBUG] [org.gradle.launcher.daemon.server.DaemonStateCoordinator] daemon is running. Sleeping until state changes.
16:21:57.864 [DEBUG] [org.gradle.launcher.daemon.server.SynchronizedDispatchConnection] thread 19: received class org.gradle.launcher.daemon.protocol.Build
16:21:57.865 [DEBUG] [org.gradle.launcher.daemon.server.DefaultDaemonConnection] thread 19: Received non-IO message from client: Build{id=3c0f93d4-d6de-49ab-85d0-d18c1cdc3818, currentDir=E:\Git\theta}
16:21:57.865 [INFO] [org.gradle.launcher.daemon.server.DefaultIncomingConnectionHandler] Received command: Build{id=3c0f93d4-d6de-49ab-85d0-d18c1cdc3818, currentDir=E:\Git\theta}.
16:21:57.865 [DEBUG] [org.gradle.launcher.daemon.server.DefaultIncomingConnectionHandler] Starting executing command: Build{id=3c0f93d4-d6de-49ab-85d0-d18c1cdc3818, currentDir=E:\Git\theta} with connection: socket connection from /127.0.0.1:52912 to /127.0.0.1:52913.
16:21:57.867 [ERROR] [org.gradle.launcher.daemon.server.DaemonStateCoordinator] Command execution: started DaemonCommandExecution[command = Build{id=3c0f93d4-d6de-49ab-85d0-d18c1cdc3818, currentDir=E:\Git\theta}, connection = DefaultDaemonConnection: socket connection from /127.0.0.1:52912 to /127.0.0.1:52913] after 0.0 minutes of idle
16:21:57.867 [INFO] [org.gradle.launcher.daemon.server.DaemonRegistryUpdater] Marking the daemon as busy, address: [96e6f0c1-bba5-4218-b3c1-67fe9a2a0701 port:52912, addresses:[/127.0.0.1, /0:0:0:0:0:0:0:1]]
16:21:57.867 [DEBUG] [org.gradle.launcher.daemon.registry.PersistentDaemonRegistry] Marking busy by address: [96e6f0c1-bba5-4218-b3c1-67fe9a2a0701 port:52912, addresses:[/127.0.0.1, /0:0:0:0:0:0:0:1]]
16:21:57.868 [DEBUG] [org.gradle.cache.internal.DefaultFileLockManager] Waiting to acquire exclusive lock on daemon addresses registry.
16:21:57.868 [DEBUG] [org.gradle.cache.internal.DefaultFileLockManager] Lock acquired on daemon addresses registry.
16:21:57.870 [DEBUG] [org.gradle.cache.internal.DefaultFileLockManager] Releasing lock on daemon addresses registry.
16:21:57.870 [DEBUG] [org.gradle.launcher.daemon.server.DaemonStateCoordinator] resetting idle timer
16:21:57.871 [DEBUG] [org.gradle.launcher.daemon.server.DaemonStateCoordinator] daemon is running. Sleeping until state changes.
16:21:57.871 [INFO] [org.gradle.launcher.daemon.server.exec.StartBuildOrRespondWithBusy] Daemon is about to start building Build{id=3c0f93d4-d6de-49ab-85d0-d18c1cdc3818, currentDir=E:\Git\theta}. Dispatching build started information...
16:21:57.872 [DEBUG] [org.gradle.launcher.daemon.server.SynchronizedDispatchConnection] thread 21: dispatching class org.gradle.launcher.daemon.protocol.BuildStarted
16:21:57.874 [DEBUG] [org.gradle.launcher.daemon.server.exec.EstablishBuildEnvironment] Configuring env variables: {USERDOMAIN_ROAMINGPROFILE=DESKTOP-VS840K3, LOCALAPPDATA=C:\Users\Nori\AppData\Local, PROCESSOR_LEVEL=6, USERDOMAIN=DESKTOP-VS840K3, FPS_BROWSER_APP_PROFILE_STRING=Internet Explorer, LOGONSERVER=\\DESKTOP-VS840K3, JAVA_HOME=C:\Program Files\Java\jdk-11.0.2, SESSIONNAME=Console, ALLUSERSPROFILE=C:\ProgramData, PROCESSOR_ARCHITECTURE=AMD64, PSModulePath=C:\Program Files\WindowsPowerShell\Modules;C:\WINDOWS\system32\WindowsPowerShell\v1.0\Modules, SystemDrive=C:, OneDrive=C:\Users\almas\OneDrive, APPDATA=C:\Users\Nori\AppData\Roaming, USERNAME=Nori, ProgramFiles(x86)=C:\Program Files (x86), VBOX_MSI_INSTALL_PATH=C:\Program Files\Oracle\VirtualBox\, CommonProgramFiles=C:\Program Files\Common Files, Path=C:\Program Files\Java\jdk-11.0.2\bin;C:\Program Files\Java\jdk1.8.0_231\bin;C:\Program Files (x86)\Common Files\Oracle\Java\javapath;C:\Program Files (x86)\Intel\iCLS Client\;C:\Program Files\Intel\iCLS Client\;C:\Windows\system32;C:\Windows;C:\Windows\System32\Wbem;C:\Windows\System32\WindowsPowerShell\v1.0\;C:\Program Files (x86)\NVIDIA Corporation\PhysX\Common;C:\Program Files (x86)\Intel\Intel(R) Management Engine Components\DAL;C:\Program Files\Intel\Intel(R) Management Engine Components\DAL;C:\Program Files (x86)\Intel\Intel(R) Management Engine Components\IPT;C:\Program Files\Intel\Intel(R) Management Engine Components\IPT;C:\Program Files\Intel\WiFi\bin\;C:\Program Files\Common Files\Intel\WirelessCommon\;C:\WINDOWS\system32;C:\WINDOWS;C:\WINDOWS\System32\Wbem;C:\WINDOWS\System32\WindowsPowerShell\v1.0\;C:\WINDOWS\System32\OpenSSH\;C:\Program Files\PuTTY\;C:\Program Files\Git\cmd;E:\Git\theta\lib;C:\Users\Nori\AppData\Local\Microsoft\WindowsApps;;C:\Users\Nori\AppData\Local\Programs\Microsoft VS Code\bin, FPS_BROWSER_USER_PROFILE_STRING=Default, PATHEXT=.COM;.EXE;.BAT;.CMD;.VBS;.VBE;.JS;.JSE;.WSF;.WSH;.MSC, DriverData=C:\Windows\System32\Drivers\DriverData, OS=Windows_NT, OneDriveConsumer=C:\Users\almas\OneDrive, COMPUTERNAME=DESKTOP-VS840K3, PROCESSOR_REVISION=5e03, CommonProgramW6432=C:\Program Files\Common Files, ComSpec=C:\WINDOWS\system32\cmd.exe, ProgramData=C:\ProgramData, ProgramW6432=C:\Program Files, HOMEPATH=\Users\Nori, SystemRoot=C:\WINDOWS, TEMP=C:\Users\Nori\AppData\Local\Temp, PROCESSOR_IDENTIFIER=Intel64 Family 6 Model 94 Stepping 3, GenuineIntel, USERPROFILE=C:\Users\Nori, HOMEDRIVE=C:, TMP=C:\Users\Nori\AppData\Local\Temp, ProgramFiles=C:\Program Files, PUBLIC=C:\Users\Public, CommonProgramFiles(x86)=C:\Program Files (x86)\Common Files, NUMBER_OF_PROCESSORS=8, windir=C:\WINDOWS, =::=::\, IDEA_INITIAL_DIRECTORY=C:\WINDOWS\System32}
16:21:57.884 [DEBUG] [org.gradle.launcher.daemon.server.exec.LogToClient] About to start relaying all logs to the client via the connection.
16:21:57.884 [INFO] [org.gradle.launcher.daemon.server.exec.LogToClient] The client will now receive all logging from the daemon (pid: 2168). The daemon log file: E:\Git\theta\daemon\5.0-rc-1\daemon-2168.out.log
16:21:57.887 [INFO] [org.gradle.launcher.daemon.server.exec.LogAndCheckHealth] Starting build in new daemon [memory: 536.9 MB]
16:21:57.896 [DEBUG] [org.gradle.launcher.daemon.server.exec.ExecuteBuild] The daemon has started executing the build.
16:21:57.896 [DEBUG] [org.gradle.launcher.daemon.server.exec.ExecuteBuild] Executing build with daemon context: DefaultDaemonContext[uid=96bd2266-7a39-4322-ab25-a189617325aa,javaHome=C:\Users\Nori\AppData\Local\JetBrains\Toolbox\apps\IDEA-U\ch-0\193.5233.102\jbr,daemonRegistryDir=E:\Git\theta\daemon,pid=2168,idleTimeout=10800000,priority=NORMAL,daemonOpts=--add-opens,java.base/java.util=ALL-UNNAMED,--add-opens,java.base/java.lang=ALL-UNNAMED,--add-opens,java.base/java.lang.invoke=ALL-UNNAMED,--add-opens,java.prefs/java.util.prefs=ALL-UNNAMED,-XX:MaxMetaspaceSize=256m,-XX:+HeapDumpOnOutOfMemoryError,-Xmx512m,-Dfile.encoding=windows-1252,-Duser.country=GB,-Duser.language=en,-Duser.variant]

Deprecated Gradle features were used in this build, making it incompatible with Gradle 6.0.
Use '--warning-mode all' to show the individual deprecation warnings.
See https://docs.gradle.org/5.0-rc-1/userguide/command_line_interface.html#sec:command_line_warnings

BUILD SUCCESSFUL in 8s
18 actionable tasks: 18 executed
16:22:04.089 [DEBUG] [org.gradle.launcher.daemon.server.exec.ExecuteBuild] The daemon has finished executing the build.
16:22:04.094 [DEBUG] [org.gradle.launcher.daemon.server.DaemonStateCoordinator] daemon is running. Sleeping until state changes.
16:22:04.094 [DEBUG] [org.gradle.launcher.daemon.server.DaemonStateCoordinator] Command execution: finished waiting for DaemonCommandExecution[command = Build{id=3c0f93d4-d6de-49ab-85d0-d18c1cdc3818, currentDir=E:\Git\theta}, connection = DefaultDaemonConnection: socket connection from /127.0.0.1:52912 to /127.0.0.1:52913]. Result org.gradle.launcher.daemon.server.DaemonStateCoordinator@6db58796 with state Busy
16:22:04.095 [DEBUG] [org.gradle.launcher.daemon.server.DaemonStateCoordinator] Command execution: completed DaemonCommandExecution[command = Build{id=3c0f93d4-d6de-49ab-85d0-d18c1cdc3818, currentDir=E:\Git\theta}, connection = DefaultDaemonConnection: socket connection from /127.0.0.1:52912 to /127.0.0.1:52913]
16:22:04.095 [DEBUG] [org.gradle.launcher.daemon.server.DaemonStateCoordinator] resetting idle timer
16:22:04.095 [INFO] [org.gradle.launcher.daemon.server.DaemonRegistryUpdater] Marking the daemon as idle, address: [96e6f0c1-bba5-4218-b3c1-67fe9a2a0701 port:52912, addresses:[/127.0.0.1, /0:0:0:0:0:0:0:1]]
16:22:04.095 [DEBUG] [org.gradle.launcher.daemon.registry.PersistentDaemonRegistry] Marking busy by address: [96e6f0c1-bba5-4218-b3c1-67fe9a2a0701 port:52912, addresses:[/127.0.0.1, /0:0:0:0:0:0:0:1]]
16:22:04.095 [DEBUG] [org.gradle.cache.internal.DefaultFileLockManager] Waiting to acquire exclusive lock on daemon addresses registry.
16:22:04.096 [DEBUG] [org.gradle.cache.internal.DefaultFileLockManager] Lock acquired on daemon addresses registry.
16:22:04.097 [DEBUG] [org.gradle.cache.internal.DefaultFileLockManager] Releasing lock on daemon addresses registry.
16:22:04.098 [DEBUG] [org.gradle.launcher.daemon.server.DaemonStateCoordinator] daemon is running. Sleeping until state changes.
16:22:04.098 [DEBUG] [org.gradle.launcher.daemon.server.exec.ReturnResult] Daemon is dispatching the build result: Success[value=org.gradle.tooling.internal.provider.BuildActionResult@59ff4d6a]
16:22:04.099 [DEBUG] [org.gradle.launcher.daemon.server.SynchronizedDispatchConnection] thread 18: dispatching class org.gradle.launcher.daemon.protocol.Success
16:22:04.100 [DEBUG] [org.gradle.launcher.daemon.server.DefaultIncomingConnectionHandler] Finishing executing command: Build{id=3c0f93d4-d6de-49ab-85d0-d18c1cdc3818, currentDir=E:\Git\theta}
16:22:04.101 [DEBUG] [org.gradle.launcher.daemon.server.SynchronizedDispatchConnection] thread 19: received class org.gradle.launcher.daemon.protocol.CloseInput
16:22:04.101 [DEBUG] [org.gradle.launcher.daemon.server.DefaultDaemonConnection] thread 19: Received IO message from client: org.gradle.launcher.daemon.protocol.CloseInput@1e8df2c9
16:22:04.101 [DEBUG] [org.gradle.launcher.daemon.server.SynchronizedDispatchConnection] thread 19: received class org.gradle.launcher.daemon.protocol.Finished
16:22:04.101 [DEBUG] [org.gradle.launcher.daemon.server.DefaultDaemonConnection] thread 19: Received non-IO message from client: org.gradle.launcher.daemon.protocol.Finished@58ae9981
16:22:04.102 [DEBUG] [org.gradle.launcher.daemon.server.DefaultIncomingConnectionHandler] Received finished message: org.gradle.launcher.daemon.protocol.Finished@58ae9981
16:22:04.102 [DEBUG] [org.gradle.internal.remote.internal.inet.SocketConnection] Discarding EOFException: java.io.EOFException
16:22:04.102 [DEBUG] [org.gradle.launcher.daemon.server.SynchronizedDispatchConnection] thread 18: stopping connection
16:22:04.102 [DEBUG] [org.gradle.launcher.daemon.server.SynchronizedDispatchConnection] thread 19: received null
16:22:04.103 [DEBUG] [org.gradle.launcher.daemon.server.DefaultDaemonConnection] thread 19: Received end-of-input from client.
16:22:04.104 [DEBUG] [org.gradle.launcher.daemon.server.SynchronizedDispatchConnection] thread 18: stopping connection
